Determining if the pthread_create exist failed with the following output:
Change Dir: /home/michael/git/Experimental/build/CMakeFiles/CMakeTmp

Run Build Command:"/usr/bin/make" "cmTC_3bbb5/fast"
/usr/bin/make -f CMakeFiles/cmTC_3bbb5.dir/build.make CMakeFiles/cmTC_3bbb5.dir/build
make[1]: Entering directory '/home/michael/git/Experimental/build/CMakeFiles/CMakeTmp'
Building C object CMakeFiles/cmTC_3bbb5.dir/CheckSymbolExists.c.o
/usr/bin/cc    -o CMakeFiles/cmTC_3bbb5.dir/CheckSymbolExists.c.o   -c /home/michael/git/Experimental/build/CMakeFiles/CMakeTmp/CheckSymbolExists.c
Linking C executable cmTC_3bbb5
/home/michael/.local/lib/python3.6/site-packages/cmake/data/bin/cmake -E cmake_link_script CMakeFiles/cmTC_3bbb5.dir/link.txt --verbose=1
/usr/bin/cc      CMakeFiles/cmTC_3bbb5.dir/CheckSymbolExists.c.o  -o cmTC_3bbb5 
CMakeFiles/cmTC_3bbb5.dir/CheckSymbolExists.c.o: In function `main':
CheckSymbolExists.c:(.text+0x1b): undefined reference to `pthread_create'
collect2: error: ld returned 1 exit status
CMakeFiles/cmTC_3bbb5.dir/build.make:86: recipe for target 'cmTC_3bbb5' failed
make[1]: *** [cmTC_3bbb5] Error 1
make[1]: Leaving directory '/home/michael/git/Experimental/build/CMakeFiles/CMakeTmp'
Makefile:121: recipe for target 'cmTC_3bbb5/fast' failed
make: *** [cmTC_3bbb5/fast] Error 2

File /home/michael/git/Experimental/build/CMakeFiles/CMakeTmp/CheckSymbolExists.c:
/* */
#include <pthread.h>

int main(int argc, char** argv)
{
  (void)argv;
#ifndef pthread_create
  return ((int*)(&pthread_create))[argc];
#else
  (void)argc;
  return 0;
#endif
}

Determining if the function pthread_create exists in the pthreads failed with the following output:
Change Dir: /home/michael/git/Experimental/build/CMakeFiles/CMakeTmp

Run Build Command:"/usr/bin/make" "cmTC_531c8/fast"
/usr/bin/make -f CMakeFiles/cmTC_531c8.dir/build.make CMakeFiles/cmTC_531c8.dir/build
make[1]: Entering directory '/home/michael/git/Experimental/build/CMakeFiles/CMakeTmp'
Building C object CMakeFiles/cmTC_531c8.dir/CheckFunctionExists.c.o
/usr/bin/cc   -DCHECK_FUNCTION_EXISTS=pthread_create   -o CMakeFiles/cmTC_531c8.dir/CheckFunctionExists.c.o   -c /home/michael/.local/lib/python3.6/site-packages/cmake/data/share/cmake-3.13/Modules/CheckFunctionExists.c
Linking C executable cmTC_531c8
/home/michael/.local/lib/python3.6/site-packages/cmake/data/bin/cmake -E cmake_link_script CMakeFiles/cmTC_531c8.dir/link.txt --verbose=1
/usr/bin/cc  -DCHECK_FUNCTION_EXISTS=pthread_create    CMakeFiles/cmTC_531c8.dir/CheckFunctionExists.c.o  -o cmTC_531c8 -lpthreads 
/usr/bin/ld: cannot find -lpthreads
collect2: error: ld returned 1 exit status
CMakeFiles/cmTC_531c8.dir/build.make:86: recipe for target 'cmTC_531c8' failed
make[1]: *** [cmTC_531c8] Error 1
make[1]: Leaving directory '/home/michael/git/Experimental/build/CMakeFiles/CMakeTmp'
Makefile:121: recipe for target 'cmTC_531c8/fast' failed
make: *** [cmTC_531c8/fast] Error 2


